Arguments: 
  C:\Program Files\nodejs\node.exe C:\Users\jkk12\AppData\Roaming\npm\node_modules\yarn\bin\yarn.js install

PATH: 
  C:\Program Files (x86)\Intel\iCLS Client\;C:\Program Files\Intel\iCLS Client\;C:\WINDOWS\system32;C:\WINDOWS;C:\WINDOWS\System32\Wbem;C:\WINDOWS\System32\WindowsPowerShell\v1.0\;C:\Program Files (x86)\Intel\Intel(R) Management Engine Components\DAL;C:\Program Files\Intel\Intel(R) Management Engine Components\DAL;C:\Program Files (x86)\Intel\Intel(R) Management Engine Components\IPT;C:\Program Files\Intel\Intel(R) Management Engine Components\IPT;C:\Program Files\Git\cmd;C:\\Program Files\\MongoDB\\Server\\3.6\\bin;;C:\WINDOWS\System32\OpenSSH\;C:\Program Files\nodejs\;C:\Program Files\Intel\WiFi\bin\;C:\Program Files\Common Files\Intel\WirelessCommon\;C:\Program Files\Microsoft VS Code\bin;C:\Users\jkk12\AppData\Local\Microsoft\WindowsApps;C:\Program Files\Heroku\bin;C:\Users\jkk12\AppData\Local\GitHubDesktop\bin;C:\Program Files\Microsoft VS Code\bin;C:\Users\jkk12\AppData\Local\Microsoft\WindowsApps;C:\Users\jkk12\AppData\Roaming\npm

Yarn version: 
  1.3.2

Node version: 
  8.12.0

Platform: 
  win32 x64

npm manifest: 
  

yarn manifest: 
  No manifest

Lockfile: 
  No lockfile

Trace: 
  SyntaxError: C:\Users\jkk12\Desktop\asap-scholarship-tool\package.json: Unexpected end of JSON input
      at JSON.parse (<anonymous>)
      at C:\Users\jkk12\AppData\Roaming\npm\node_modules\yarn\lib\cli.js:770:59
      at Generator.next (<anonymous>)
      at step (C:\Users\jkk12\AppData\Roaming\npm\node_modules\yarn\lib\cli.js:92:30)
      at C:\Users\jkk12\AppData\Roaming\npm\node_modules\yarn\lib\cli.js:103:13
      at <anonymous>
